[   0.0000 Inialzing cou subs puse
[   00000] Iniaizincgup ssy cpu[   .0000]niialingcgro sbsyspucct    0000] nu veron4..030genec builddgw1-am4-39) ccversio5..0 20160 (Ubtu5.4.6uuntu1604.9) 56-Unt SP u un4 :53: UC 20 (bunt4..0-1.16-geri 4.434
[  00000] ommand le:BOOTIMAG/boovminz-4.130-neic rt=UID=e9124-07-0f3-b8b49b1f506  cnsole=tty1 console=ttS0
[  0.000]ERNELuportecps:
  0.0000  Inl enuieIntl
[  .0000]  AMAuheicD
[  .0000]  Ceau Cenurauls[   .0000]x8/f: Lecyx87 U etecd.
[  000000] 6/puUsg 'ege' FP conte sites
[  0.0000e80: BS-rovid hysil AM map
[   0.0000 BOS-e20[mem 0000000000000000-x000000009fb] sabl
[   0.000000] BIOS-e820: [mem 0x000000000009fc00-0x000000000009ffff] reserved
[    0.000000] BIOS-e820: [mem 0x00000000000f0000-0x00000000000fffff] reserved
[    0.000000] BIOS-e820: [mem 0x0000000000100000-0x000000003ffeffff] usable
[    0.000000] BIOS-e820: [mem 0x000000003fff0000-0x000000003fffffff] ACPI data
[    0.000000] BIOS-e820: [mem 0x00000000fffc0000-0x00000000ffffffff] reserved
[    0.000000] NX (Execute Disable) protection: active
[    0.000000] SMBIOS 2.5 present.
[    0.000000] e820: last_pfn = 0x3fff0ax_arch_pfn = 0x400000000
[    0.000000] MTRR: Disabled
[    0.000000] x86/PAT: MTRRs disabled, skipping PAT initialization too.
[    0.000000] CPU MTRRs all blank - virtualized system.
[    0.000000] x86/PAT: Configuration [0-7]: WB  WT  UC- UC  WB  WT  UC- UC  
[    0.000000] found SMP MP-table at [mem 0x0009fff0-0x0009ffff] mapped at [ffff88000009fff0]
[    0.000000] Scanning 1 areas for low memory corruption
[    0.000000] RAMDISK: [mem 0x361ee000-0x370eefff]
[    0.000000] ACPI: Early table checksum verification disabled
[    0.000000] ACPI: RSDP 0x00000000000E0000 000024 (v02 VBOX  )
[    0.000000] ACPI: XSDT 0x000000003FFF0030 00003C (v01 VBOX   VBOXXSDT 00000001 ASL  00000061)
[    0.000000] ACPI: FACP 0x000000003FFF00F0 0000F4 (v04 VBOX   VBOXFACP 00000001 ASL  00000061)
[    0.000000] ACPI: DSDT 0x000000003FFF0470 001BF1 (v01 VBOX   VBOXBIOS 00000002 INTL 20100528)
[    0.000000] ACPI: FACS 0x000000003FFF0200 000040
[    0.000000] ACPI: FACS 0x000000003FFF0200 000040
[    0.000000] ACPI: APIC 0x000000003FFF0240 00005C (v02 VBOX   VBOXAPIC 00000001 ASL  00000061)
[    0.000000] ACPI: SSDT 0x000000003FFF02A0 0001CC (v01 VBOX   VBOXCPUT 0000002 IN 21005)[  0000000] No NUMA configuration found
[    0.000000] Faking a node at [mem 0x0000000000000000-0x000000003ffeffff]
[    0.000000] NODE_DATA(0) allocated [mem 0x3ffeb000-0x3ffeffff]
[    0.000000] Zone ranges:
[    0.000]   DMA   [me0x000000001000x0000000ffffff]
[    0.000000]   DMA32    [mem 0x0000000001000000-0x000000003ffeffff]
[   0.000]  Noal  pt
[    0.000000]   Device   empty
[    0.000000] Movable zone start for each node
[    0.00000 Erlymemorynode ranges
[    0.000000]   node   0: [mem 0x0000000000001000-0x000000000009efff]
[    0.000000]   node   0: [mem 0x0000000000100000-0x000000003ffeffff]
[    0.000000] Initmem setup node 0 [mem 0x0000000000001000-0x000000003ffeffff]
[    0.000000] ACPI: PM-Timer IO Port: 0x4008
[    0.000000] IOAPIC[0]: apic_id 2, version 17, address 0xfec00000, GSI 0-23
[    0.000000] ACPI: INT_SRC_OVR (bus 0 bus_irq 0 global_irq 2 dfl dfl)
[    0.000000] ACPI: INT_SRC_OVR (bus 0 bus_irq 9 global_irq 9 high level)
[    0.000000] Using ACPI (MADT) for SMP configuration information
[    0.000000] smpboot: Allowing 2 CPUs, 0 hotplug CPUs
[    0.000000] PM: Registered nosave memory: [mem 0x00000000-0x00000fff]
[    0.000000] PM: Registered nosave memory: [mem 0x0009f000-0x0009ffff]
[    0.000000] PM: Registered nosave memory: [mem 0x000a0000-0x000effff]
[    0.000000] PM: Registered nosave memory: [mem 0x000f0000-0x000fffff]
[    0.000000] e820: [mem 0x40000000-0xfffbffff] available for PCI devices
[    0.000000] Booting paravirtualized kernel on bare hardware
[    0.000000] clocksource: refined-jiffies: mask: 0xffffffff max_cycles: 0xffffffff, max_idle_ns: 7645519600211568 ns
[    0.000000] setup_percpu: NR_CPUS:512 nr_cpumask_bits:512 nr_cpu_ids:2 nr_node_ids:1
[    0.0000]ERPU: beded  pgespuffff80fc000 9544812 d31528u148576    0.000] Blt1 zonelists in Node order, mobility grouping on.  Total pages: 257912
[    0.000000] Policy zone: DMA32
[    0.000000] Kernel commad in: BO_IAGE=oo/vmluz4.4.13-genrirootUU=8e924077-0faab8498e1f06ro csoe=tt cnsole=yS
[   0.0000PID hash table entries: 4096 (order: 3, 32768 bytes)
[    0.000000] Memory: 997188K04120K aaiabe (86Kkerne ce, 131 rdata400K rat, 15K nit,31K bs 5932Kesrved0Kcma-reserved
   0.00000 SUB: HWlin=4, Order=0-3 MnOject0, CUs=2Noes=1[   .0000]erel/Ur age bls isaton: nale
[   0.0000] Hiarhica R impmeatio
    0000 	Build-time adjustment of leaf fanout to 64.
[    0.000000] 	RCU restricting CPUs from NR_CPUS=512 to nr_cpu_ids=2.
[    0.000000] RCU: Adjusting geometry for rcu_fanout_leaf=64, nr_cpu_ids=2
[    0.000000] NR_IRQS:33024 nr_irqs:440 16
[    0.000000] Console: colour VGA+ 80x25
[    0.000000] console [tty1] enabled
[    0.000000] console [ttyS0] enabled
[    0.000000] tsc: Fast TSC calibration using PIT
[    0.000000] tsc: Detected 3387.676 MHz processor
[    0.008188] Calibrating delay loop (skipped), value calculated using timer frequency.. 6775.35 BogoMIPS (lpj=13550704)
[    0.012492] pid_max: default: 32768 minimum: 301
[    0.016015] ACPI: Core revision 20150930
[    0.017231] ACPI: 2 ACPI AML tables successfully acquired and loaded
[    0.020723] Security Framework initialized
[    0.024009] Yama: becoming mindful.
[    0.028027] AppArmor: AppArmor initialized
[    0.028763] Dentry cache hash table entries: 131072 (order: 8, 1048576 bytes)
[    0.032296] Inode-cache hash table entries: 65536 (order: 7, 524288 bytes)
[    0.033212] Mount-cache hash table entries: 2048 (order: 2, 16384 bytes)
[    0.034057] Mountpoint-cache hash table entries: 2048 (order: 2, 16384 bytes)
[    0.035065] Initializing cgroup subsys io
[    0.035588] Initializing cgroup subsys memory
[    0.036635] Initializing cgroup subsys devices
[    0.037264] Initializing cgroup subsys freezer
[    0.037895] Initializing cgroup subsys net_cls
[    0.038522] Initializing cgroup subsys perf_event
[    0.039179] Initializing cgroup subsys net_prio
[    0.039817] Initializing cgroup subsys hugetlb
[    0.040009] Initializing cgroup subsys pids
[    0.044060] CPU: Physical Processor ID: 0
[    0.044656] CPU: Processor Core ID: 0
[    0.045257] mce: CPU supports 0 MCE banks
[    0.045864] Last level iTLB entries: 4KB 1024, 2MB 1024, 4MB 1024
[    0.046646] Last level dTLB entries: 4KB 1024, 2MB 1024, 4MB 1024, 1GB 4
[    0.047578] Spectre V2 : Mitigation: Full generic retpoline
[    0.048009] Spectre V2 : Speculation control IBPB not-supported IBRS not-supported
[    0.048927] Speculative Store Bypass: Vulnerable
[    0.052372] Freeing SMP alternatives memory: 32K
[    0.065141] ftrace: allocating 32245 entries in 126 pages
[    0.084083] smpboot: APIC(0) Converting physical 0 to logical package 0
[    0.088010] smpboot: Max logical packages: 1
[    0.093015] ..TIMER: vector=0x30 apic1=0 pin1=2 apic2=-1 pin2=-1
[    0.140000] smpboot: CPU0: Intel(R) Core(TM) i7-4770 CPU @ 3.40GHz (family: 0x6, model: 0x3c, stepping: 0x3)
[    0.152014] Performance Events: unsupported p6 CPU model 60 no PMU driver, software events only.
[    0.161491] NMI watchdog: disabled (cpu0): hardware events not enabled
[    0.162323] NMI watchdog: Shutting down hard lockup detector on all cpus
[    0.163292] x86: Booting SMP configuration:
[    0.164005] .... node  #0, CPUs:      #1
[    0.012000] mce: CPU supports 0 MCE banks
[    0.167329] x86: Booted up 1 node, 2 CPUs
[    0.168006] smpboot: Total of 2 processors activated (13550.70 BogoMIPS)
[    0.169128] devtmpfs: initialized
[    0.169732] evm: security.selinux
[    0.170072] evm: security.SMACK64
[    0.170072] evm: security.SMACK64EXEC
[    0.170072] evm: security.SMACK64TRANSMUTE
[    0.170072] evm: security.SMACK64MMAP
[    0.170171] evm: security.ima
[    0.171723] evm: security.capability
[    0.188115] clocksource: jiffies: mask: 0xffffffff max_cycles: 0xffffffff, max_idle_ns: 7645041785100000 ns
[    0.340025] futex hash table entries: 512 (order: 3, 32768 bytes)
[    0.348112] pinctrl core: initialized pinctrl subsystem
[    0.380127] RTC time:  5:09:54, date: 07/30/18
[    0.404028] NET: Registered protocol family 16
[    0.448013] cpuidle: using governor ladder
[    0.476014] cpuidle: using governor menu
[    0.556028] PCCT header not found.
[    0.568270] ACPI: bus type PCI registered
[    0.568694] acpiphp: ACPI Hot Plug PCI Controller Driver version: 0.5
[    0.596128] PCI: Using configuration type 1 for base access
[    0.620164] ACPI: Added _OSI(Module Device)
[    0.624008] ACPI: Added _OSI(Processor Device)
[    0.628015] ACPI: Added _OSI(3.0 _SCP Extensions)
[    0.652006] ACPI: Added _OSI(Processor Aggregator Device)
[    0.653240] ACPI: Executed 1 blocks of module-level executable AML code
[    0.654284] ACPI: Interpreter enabled
[    0.655819] ACPI: (supports S0 S5)
[    0.656536] ACPI: Using IOAPIC for interrupt routing
[    0.664097] PCI: Using host bridge windows from ACPI; if necessary, use "pci=nocrs" and report a bug
[    0.666902] ACPI: PCI Root Bridge [PCI0] (domain 0000 [bus 00-ff])
[    0.667428] acpi PNP0A03:00: _OSC: OS supports [ASPM ClockPM Segments MSI]
[    0.669444] acpi PNP0A03:00: _OSC failed (AE_NOT_FOUND); disabling ASPM
[    0.760023] acpi PNP0A03:00: fail to add MMCONFIG information, can't access extended PCI configuration space under this bridge.
[    0.764238] PCI host bridge to bus 0000:00
[    0.772009] pci_bus 0000:00: root bus resource [io  0x0000-0x0cf7 window]
[    0.772870] pci_bus 0000:00: root bus resource [io  0x0d00-0xffff window]
[    0.780010] pci_bus 0000:00: root bus resource [mem 0x000a0000-0x000bffff window]
[    0.784007] pci_bus 0000:00: root bus resource [mem 0x40000000-0xffdfffff window]
[    0.785097] pci_bus 0000:00: root bus resource [bus 00-ff]
[    0.789271] pci 0000:00:01.1: legacy IDE quirk: reg 0x10: [io  0x01f0-0x01f7]
[    0.791224] pci 0000:00:01.1: legacy IDE quirk: reg 0x14: [io  0x03f6]
[    0.800006] pci 0000:00:01.1: legacy IDE quirk: reg 0x18: [io  0x0170-0x0177]
[    0.800006] pci 0000:00:01.1: legacy IDE quirk: reg 0x1c: [io  0x0376]
[    0.819313] ACPI: PCI Interrupt Link [LNKA] (IRQs 5 9 10 11) *0, disabled.
[    0.829026] ACPI: PCI Interrupt Link [LNKB] (IRQs 5 9 10 *11)
[    0.829453] ACPI: PCI Interrupt Link [LNKC] (IRQs 5 9 *10 11)
[    0.830620] ACPI: PCI Interrupt Link [LNKD] (IRQs 5 *9 10 11)
[    0.832399] ACPI: Enabled 2 GPEs in block 00 to 07
[    0.836023] vgaarb: setting as boot device: PCI:0000:00:02.0
[    0.837527] vgaarb: device added: PCI:0000:00:02.0,decodes=io+mem,owns=io+mem,locks=none
[    0.840008] vgaarb: loaded
[    0.840485] vgaarb: bridge control possible 0000:00:02.0
[    0.841413] SCSI subsystem initialized
[    0.841779] ACPI: bus type USB registered
[    0.841779] usbcore: registered new interface driver usbfs
[    0.841779] usbcore: registered new interface driver hub
[    0.844006] usbcore: registered new device driver usb
[    0.852074] PCI: Using ACPI for IRQ routing
[    0.940409] NetLabel: Initializing
[    0.952006] NetLabel:  domain hash size = 128
[    0.952634] NetLabel:  protocols = UNLABELED CIPSOv4
[    0.953329] NetLabel:  unlabeled traffic allowed by default
[    0.953329] amd_nb: Cannot enumerate AMD northbridges
[    0.956007] clocksource: Switched to clocksource refined-jiffies
[    0.960016] AppArmor: AppArmor Filesystem Enabled
[    0.960016] pnp: PnP ACPI init
[    0.961060] pnp: PnP ACPI: found 4 devices
[    0.971243] clocksource: acpi_pm: mask: 0xffffff max_cycles: 0xffffff, max_idle_ns: 2085701024 ns
[    0.992052] clocksource: Switched to clocksource acpi_pm
[    0.993957] NET: Registered protocol family 2
[    1.019001] TCP established hash table entries: 8192 (order: 4, 65536 bytes)
[    1.022019] TCP bind hash table entries: 8192 (order: 5, 131072 bytes)
[    1.022865] TCP: Hash tables configured (established 8192 bind 8192)
[    1.023812] UDP hash table entries: 512 (order: 2, 16384 bytes)
[    1.024618] UDP-Lite hash table entries: 512 (order: 2, 16384 bytes)
[    1.030725] NET: Registered protocol family 1
[    1.031367] pci 0000:00:00.0: Limiting direct PCI/PCI transfers
[    1.033233] pci 0000:00:01.0: Activating ISA DMA hang workarounds
[    1.034222] Unpacking initramfs...
[    1.203861] Freeing initrd memory: 15364K
[    1.234073] RAPL PMU detected, API unit is 2^-32 Joules, 4 fixed counters 10737418240 ms ovfl timer
[    1.235308] hw unit of domain pp0-core 2^-0 Joules
[    1.235996] hw unit of domain package 2^-0 Joules
[    1.273466] hw unit of domain dram 2^-0 Joules
[    1.274205] hw unit of domain pp1-gpu 2^-0 Joules
[    1.290142] platform rtc_cmos: registered platform RTC device (no PNP device found)
[    1.328630] Scanning for low memory corruption every 60 seconds
[    1.363088] audit: initializing netlink subsys (disabled)
[    13637aut:yp20 ait53275.9:): itilied
[    2.598632] tsc: Refined TSC clocksource calibration: 338764 M
[    2.775927] clocksource: tsc: mask: 0xffffffffffffffff max_cycles: 0x30d4b647fcb, max_idle_ns: 440795207532 ns
[    2.776562] Initialise system trusted keyring
[    2.776714] HugeTLB registered 2 MB page size, pre-allocated 0 pages
[    2.777917] zbud: loaded
[    2.778273] VFS: Disk quotas dquot_6.6.0
[    2.778318] VFS: Dquot-cache hash table entries: 512 (order 0, 4096 bytes)
[    2.778522] squashfs: version 4.0 (2009/01/31) Phillip Lougher
[    2.778757] fuse init (API version 7.23)
[    2.778854] Key type big_key registered
[    2.778876] Allocating IMA MOK and blacklist keyrings.
[    2.779422] Key type asymmetric registered
[    2.779425] Asymmetric key parser 'x509' registered
[    2.779452] Block layer SCSI generic (bsg) driver version 0.4 loaded (major 249)
[    2.779487] io scheduler noop registered
[    2.779490] io scheduler deadline registered (default)
[    2.779512] io scheduler cfq registered
[    2.779616] pci_hotplug: PCI Hot Plug PCI Core version: 0.5
[    2.779622] pciehp: PCI Express Hot Plug Controller Driver version: 0.4
[    2.779724] ACPI: AC Adapter [AC] (on-line)
[    2.779766] input: Power Button as /devices/LNXSYSTM:00/LNXPWRBN:00/input/input0
[    2.779770] ACPI: Power Button [PWRF]
[    2.779818] input: Sleep Button as /devices/LNXSYSTM:00/LNXSLPBN:00/input/input1
[    2.779821] ACPI: Sleep Button [SLPF]
[    2.779960] GHES: HEST is not enabled!
[    2.780057] Serial: 8250/16550 driver, 32 ports, IRQ sharing enabled
[    2.825768] 00:03: ttyS0 at I/O 0x3f8 (irq = 4, base_baud = 115200) is a 16550A
[    2.845861] Linux agpgart interface v0.103
[    2.857282] loop: module loaded
[    2.857782] scsi host0: ata_piix
[    2.857865] scsi host1: ata_piix
[    2.857891] ata1: PATA max UDMA/33 cmd 0x1f0 ctl 0x3f6 bmdma 0xd000 irq 14
[    2.857894] ata2: PATA max UDMA/33 cmd 0x170 ctl 0x376 bmdma 0xd008 irq 15
[    2.857957] libphy: Fixed MDIO Bus: probed
[    2.857960] tun: Universal TUN/TAP device driver, 1.6
[    2.857962] tun: (C) 1999-2004 Max Krasnyansky <maxk@qualcomm.com>
[    2.858274] PPP generic driver version 2.4.2
[    2.858328] ehci_hcd: USB 2.0 'Enhanced' Host Controller (EHCI) Driver
[    2.858331] ehci-pci: EHCI PCI platform driver
[    2.858338] ehci-platform: EHCI generic platform driver
[    2.858344] ohci_hcd: USB 1.1 'Open' Host Controller (OHCI) Driver
[    2.858348] ohci-pci: OHCI PCI platform driver
[    2.858354] ohci-platform: OHCI generic platform driver
[    2.858360] uhci_hcd: USB Universal Host Controller Interface driver
[    2.858401] i8042: PNP: PS/2 Controller [PNP0303:PS2K,PNP0f03:PS2M] at 0x60,0x64 irq 1,12
[    2.920462] serio: i8042 KBD port at 0x60,0x64 irq 1
[    2.920470] serio: i8042 AUX port at 0x60,0x64 irq 12
[    2.920623] mousedev: PS/2 mouse device common for all mice
[    2.920900] rtc_cmos rtc_cmos: rtc core: registered rtc_cmos as rtc0
[    2.920946] rtc_cmos rtc_cmos: alarms up to one day, 114 bytes nvram
[    2.920952] i2c /dev entries driver
[    2.921020] device-mapper: uevent: version 1.0.3
[    2.921070] device-mapper: ioctl: 4.34.0-ioctl (2015-10-28) initialised: dm-devel@redhat.com
[    2.921088] ledtrig-cpu: registered to indicate activity on CPUs
[    2.921383] NET: Registered protocol family 10
[    2.921539] NET: Registered protocol family 17
[    2.921548] Key type dns_resolver registered
[    2.924105] microcode: CPU0 sig=0x306c3, pf=0x2, revision=0x19
[    3.022032] microcode: CPU1 sig=0x306c3, pf=0x2, revision=0x19
[    3.022112] microcode: Microcode Update Driver: v2.01 <tigran@aivazian.fsnet.co.uk>, Peter Oruba
[    3.022320] registered taskstats version 1
[    3.022337] Loading compiled-in X.509 certificates
[    3.022881] Loaded X.509 cert 'Build time autogenerated kernel key: b3e0fe4bcd6378c38a2c0a4648abbc1fa5043a22'
[    3.022902] zswap: loaded using pool lzo/zbud
[    3.024642] Key type trusted registered
[    3.027092] Key type encrypted registered
[    3.027098] AppArmor: AppArmor sha1 policy hashing enabled
[    3.027102] ima: No TPM chip found, activating TPM-bypass!
[    3.027109] ima: Allocated hash algorithm: sha1
[    3.027125] evm: HMAC attrs: 0x1
[    3.027324]   Magic number: 10:405:164
[    3.031075] rtc_cmos rtc_cmos: setting system clock to 2018-07-30 05:09:57 UTC (1532927397)
[    3.031217] BIOS EDD facility v0.16 2004-Jun-25, 0 devices found
[    3.031218] EDD information not available.
[    3.035358] input: AT Translated Set 2 keyboard as /devices/platform/i8042/serio0/input/input2
[    3.930687] Freeing unused kernel memory: 1516K
[    3.940167] Write protecting the kernel read-only data: 14336k
[    3.946712] Freeing unused kernel memory: 1680K
[    4.024703] Freeing unused kernel memory: 96K
Loading, please [    4.037697] random: systemd-udevd: uninitialized urandom read (16 bytes read, 3 bits of entropy available)
wait...
starting version 229
[    4.038158] random: udevadm: uninitialized urandom read (16 bytes read, 3 bits of entropy available)
[    4.038175] random: udevadm: uninitialized urandom read (16 bytes read, 3 bits of entropy available)
[    4.047397] random: udevadm: uninitialized urandom read (16 bytes read, 3 bits of entropy available)
[    4.047434] random: udevadm: uninitialized urandom read (16 bytes read, 3 bits of entropy available)
[    4.047589] random: udevadm: uninitialized urandom read (16 bytes read, 3 bits of entropy available)
[    4.047638] random: udevadm: uninitialized urandom read (16 bytes read, 3 bits of entropy available)
[    4.047684] random: udevadm: uninitialized urandom read (16 bytes read, 3 bits of entropy available)
[    4.047737] random: udevadm: uninitialized urandom read (16 bytes read, 3 bits of entropy available)
[    4.047783] random: udevadm: uninitialized urandom read (16 bytes read, 3 bits of entropy available)
[    4.394658] e1000: Intel(R) PRO/1000 Network Driver - version 7.3.21-k8-NAPI
[    4.394661] Fusion MPT base driver 3.04.20
[    4.394664] Copyright (c) 1999-2008 LSI Corporation
[    4.417648] e1000: Copyright (c) 1999-2006 Intel Corporation.
[    4.447450] Fusion MPT SPI Host driver 3.04.20
[    4.662858] input: ImExPS/2 Generic Explorer Mouse as /devices/platform/i8042/serio1/input/input4
[    4.791187] e1000 0000:00:03.0 eth0: (PCI:33MHz:32-bit) 02:40:c1:fa:9b:f5
[    4.797856] e1000 0000:00:03.0 eth0: Intel(R) PRO/1000 Network Connection
[    4.799418] mptbase: ioc0: Initiating bringup
[    4.799547] e1000 0000:00:03.0 enp0s3: renamed from eth0
[    4.864208] ioc0: LSI53C1030 A0: Capabilities={Initiator}
[    4.928310] clocksource: Switched to clocksource tsc
[    5.387868] scsi host2: ioc0: LSI53C1030 A0, FwRev=00000000h, Ports=1, MaxQ=256, IRQ=20
[    5.612321] scsi 2:0:0:0: Direct-Access     VBOX     HARDDISK         1.0  PQ: 0 ANSI: 5
[    5.636930] scsi target2:0:0: Beginning Domain Validation
[    5.651763] scsi target2:0:0: Domain Validation skipping write tests
[    5.744502] scsi target2:0:0: Ending Domain Validation
[    5.758137] scsi target2:0:0: asynchronous
[    5.759303] scsi 2:0:1:0: Direct-Access     VBOX     HARDDISK         1.0  PQ: 0 ANSI: 5
[    6.588152] scsi target2:0:1: Beginning Domain Validation
[    6.639120] scsi target2:0:1: Domain Validation skipping write tests
[    6.647316] scsi target2:0:1: Ending Domain Validation
[    6.648073] scsi target2:0:1: asynchronous
[    6.654738] sd 2:0:0:0: Attached scsi generic sg0 type 0
[    6.660808] sd 2:0:0:0: [sda] 20971520 512-byte logical blocks: (10.7 GB/10.0 GiB)
[    6.662207] sd 2:0:1:0: [sdb] 20480 512-byte logical blocks: (10.5 MB/10.0 MiB)
[    6.734413] sd 2:0:0:0: [sda] Write Protect is off
[    6.734424] sd 2:0:1:0: Attached scsi generic sg1 type 0
[    6.734510] sd 2:0:1:0: [sdb] Write Protect is off
[    6.734705] sd 2:0:1:0: [sdb] Incomplete mode parameter data
[    6.734707] sd 2:0:1:0: [sdb] Assuming drive cache: write through
[    6.793372] sd 2:0:1:0: [sdb] Attached SCSI disk
[    6.812371] sd 2:0:0:0: [sda] Incomplete mode parameter data
[    6.840692] sd 2:0:0:0: [sda] Assuming drive cache: write through
[    6.876705]  sda: sda1
[    6.883675] sd 2:0:0:0: [sda] Attached SCSI disk
Begin: Loading e[    8.313627] md: linear personality registered for level -1
ssential drivers ... [    8.323427] md: multipath personality registered for level -4
[    8.326940] md: raid0 personality registered for level 0
[    8.356329] md: raid1 personality registered for level 1
[    8.432078] raid6: sse2x1   gen() 10822 MB/s
[    8.596829] raid6: sse2x1   xor()  8599 MB/s
[    8.668045] raid6: sse2x2   gen() 12553 MB/s
[    8.744836] raid6: sse2x2   xor()  9624 MB/s
[    8.844074] raid6: sse2x4   gen() 15942 MB/s
[    8.960133] raid6: sse2x4   xor() 10242 MB/s
[    8.996447] raid6: using algorithm sse2x4 gen() 15942 MB/s
[    9.014099] raid6: .... xor() 10242 MB/s, rmw enabled
[    9.016648] raid6: using ssse3x2 recovery algorithm
[    9.058653] xor: measuring software checksum speed
[    9.096048]    prefetch64-sse: 23054.000 MB/sec
[    9.148671]    generic_sse: 21930.000 MB/sec
[    9.180894] xor: using function: prefetch64-sse (23054.000 MB/sec)
[    9.183031] async_tx: api initialized (async)
[    9.189423] md: raid6 personality registered for level 6
[    9.240660] md: raid5 personality registered for level 5
[    9.247458] md: raid4 personality registered for level 4
[    9.253311] md: raid10 personality registered for level 10
done.
Begin: Running /scripts/init-p[    9.286083] Btrfs loaded
remount ... done.
Begin: Mounting root file system ... Begin: Running /scripts/local-top ... done.
Begin: Running /scripts/local-premount ... Scanning for Btrfs filesystems
done.
Warning: fsck no[    9.674734] EXT4-fs (sda1): INFO: recovery required on readonly filesystem
t present, so skipping root file system
[    9.710301] EXT4-fs (sda1): write access will be enabled during recovery
[    9.890339] EXT4-fs (sda1): recovery complete
[    9.897726] EXT4-fs (sda1): mounted filesystem with ordered data mode. Opts: (null)
done.
Begin: Running /scripts/local-bottom ... done.
Begin: Running /scripts/init-bottom ... done.
[  1.5086] random: onlockngoo i initialze
[   12.178156] systemd[1]: systemd 229 running in system mode. (+PAM +AUDIT +SELINUX +IMA +APPARMOR +SMACK +SYSVINIT +UTMP +LIBCRYPTSETUP +GCRYPT +GNUTLS +ACL +XZ -LZ4 +SECCOMP +BLKID +ELFUTILS +KMOD -IDN)
[   12.237192] systemd[1]: Detected virtualization oracle.
[   12.248681] systemd[1]: Detected architecture x86-64.

Welcome to [1mUbuntu 16.04.4 LTS[0m!

[   2.15] stmd[1 S htne to <ubuntu-xenial>.

[   14.676090] systemd[1]: Listening on udev Kernel Socket.
[[0;32m  OK  [0m] Listening on udev Kernel Socket.
[   14.729716] systemd[1]: Reached target Swap.
[[0;32m  OK  [0m] Reached target Swap.
[   14.731507] systemd[1]: Created slice User and Session Slice.
[[0;32m  OK  [0m] Created slice User and Session Slice.
[   14.744619] systemd[1]: Listening on Journal Socket.
[[0;32m  OK  [0m] Listening on Journal Socket.
[   14.749362] systemd[1]: Listening on /dev/initctl Compatibility Named Pipe.
[[0;32m  OK  [0m] Listening on /dev/initctl Compatibility Named Pipe.
[   14.751410] systemd[1]: Reached target System Time Synchronized.
[[0;32m  OK  [0m] Reached target System Time Synchronized.
[   14.806538] systemd[1]: Listening on Journal Socket (/dev/log).
[[0;32m  OK  [0m] Listening on Journal Socket (/dev/log).
[   14.808436] systemd[1]: Listening on Syslog Socket.
[[0;32m  OK  [0m] Listening on Syslog Socket.
[   14.815477] systemd[1]: Created slice System Slice.
[[0;32m  OK  [0m] Created slice System Slice.
[   14.825826] systemd[1]: Created slice system-serial\x2dgetty.slice.
[[0;32m  OK  [0m] Created slice system-serial\x2dgetty.slice.
[   14.840158] systemd[1]: Mounting Huge Pages File System...
         Mounting Huge Pages File System...
[   14.858894] systemd[1]: Mounting Debug File System...
         Mounting Debug File System...
[   14.860863] systemd[1]: Starting Uncomplicated firewall...
         Starting Uncomplicated firewall...
[   14.862321] systemd[1]: Reached target Slices.
[[0;32m  OK  [0m] Reached target Slices.
[   15.133978] systemd[1]: Starting Load Kernel Modules...
         Starting Load Kernel Modules...
[   15.261202] systemd[1]: Starting Set console keymap...
         Starting Set console keymap...
[   15.358778] Loading iSCSI transport class v2.0-870.
[   15.359742] systemd[1]: Listening on LVM2 poll daemon socket.
[[0;32m  OK  [0m] Listening on LVM2 poll daemon socket.
[   15.362493] systemd[1]: Listening on Device-mapper event daemon FIFOs.
[[0;32m  OK  [0m] Listening on Device-mapper event daemon FIFOs.
[   15.385580] systemd[1]: Listening on Journal Audit Socket.
[[0;32m  OK  [0m] Listening on Journal Audit Socket.
[   15.390052] systemd[1]: Reached target User and Group Name Lookups.
[[0;32m  OK  [0m] Reached target User and Group Name Lookups.
[   15.392844] systemd[1]: Listening on LVM2 metadata daemon socket.
[[0;32m  OK  [0m] Listening on LVM2 metadata daemon socket.
[   15.412257] systemd[1]: Starting Journal Service...
         Starting Journal Service...
[ 154868systmd[1]: Listening on udev Control Socket.
[[0;32m  OK  [0[   15.959951] iscsi: registered transport (tcp)
m] Listening on udev Control Socket.
[   16.120155] systemd[1]: Mounting POSIX Message Queue File System...
         Mounting POSIX Message Queue File System...
[   16.185495] systemd[1]: Reached target Encrypted Volumes.
[[0;32m  OK  [0m] Reached target Encrypted Volumes.
[   16.187494] systemd[1]: Starting Monitoring of LVM2 mirrors, snapshots etc. using dmeventd or progress polling...
         Starting Monitoring of LVM2 mirrors... dmeventd or progress polling...
[   16.233354] systemd[1]: Starting Remount Root and Kernel File Systems...
         Starting Remount Root and Kernel File Systems...
[   16.245869] systemd[1]: Starting Nameserver information manager...
         Starting Nameserver information manager...
[   16.247987] systemd[1]: Starting Create list of required static device nodes for the current kernel...
[   16.250939] EXT4-fs (sda1): re-mounted. Opts: (null)
         Starting Create list of required st... nodes for the current kernel...
[   16.260898] systemd[1]: Set up automount Arbitrary Executable File Formats File System Automount Point.
[[0;32m  OK  [0m] Set up automount Arbitrary Executab...ats File System Automount Point.
[   16.345934] systemd[1]: Started Trigger resolvconf update for networkd DNS.
[[0;32m  OK  [0m] Started Trigger resolvconf update for networkd DNS.
[   16.369557] systemd[1]: Started Forward Password Requests to Wall Directory Watch.
[[0;32m  OK  [0m] Started Forward Password Requests to Wall Directory Watch.
[   6.31] stmd1]: Mounted Debug File System.
[[0;32m  OK  [0m] Mounted Debug File System.
[   16.807495] systemd[1]: Mounted POSIX Message Queue File System.
[[0;32m  OK  [0m] Mounted POSIX Message Queue File System.[   16.810817] iscsi: registered transport (iser)

[   16.945036] systemd[1]: Mounted Huge Pages File System.
[[0;32m  OK  [0m] Mounted Huge Pages File System.
[   16.987112] systemd[1]: Started Journal Service.
[[0;32m  OK  [0m] Started Journal Service.
[[0;32m  OK  [0m] Started Uncomplicated firewall.
[[0;32m  OK  [0m] Started Load Kernel Modules.
[[0;32m  OK  [0m] Started Set console keymap.
[[0;32m  OK  [0m] Started Remount Root and Kernel File Systems.
[[0;32m  OK  [0m] Started Create list of required sta...ce nodes for the current kernel.
[[0;32m  OK  [0m] Started Nameserver information manager.
[[0;32m  OK  [0m] Started LVM2 metadata daemon.
         Starting Create Static Device Nodes in /dev...
         Starting Load/Save Random Seed...
         Starting udev Coldplug all Devices...
         Starting Apply Kernel Variables...
         Mounting FUSE Control File System...
         Starting Flush Journal to Persistent Storage...
[[0;32m  OK  [0m] Mounted FUSE Control File System.
[[0;32m  OK  [0m] Started Load/Save Random Seed.
[[0;32m  OK  [0m] Started Apply Kernel Variables.
[[0;32m  OK  [0m] Started udev Coldplug all Devices.
[[0;32m  OK  [0m] Started Flush Journal to Persistent Storage.
[[0;32m  OK  [0m] Started Create Static Device Nodes in /dev.
         Starting udev Kernel Device Manager...
[[0;32m  OK  [0m] Started Monitoring of LVM2 mirrors,...ng dmeventd or progress polling.
[[0;32m  OK  [0m] Started udev Kernel Device Manager.
[[0;32m  OK  [0m] Started Dispatch Password Requests to Console Directory Watch.
[[0;32m  OK  [0m] Reached target Local File Systems (Pre).
[[0;32m  OK  [0m] Reached target Local File Systems.
         Starting Initial cloud-init job (pre-networking)...
         Starting Tell Plymouth To Write Out Runtime Data...
         Starting Set console font and keymap...
         Starting LSB: AppArmor initialization...
         Starting Create Volatile Files and Directories...
[[0;32m  OK  [0m] Started Tell Plymouth To Write Out Runtime Data.
[[0;32m  OK  [0m] Found device /dev/ttyS0.
[[0;32m  OK  [0m] Listening on Load/Save RF Kill Switch Status /dev/rfkill Watch.
[[0;32m  OK  [0m] Found device 82540EM Gigabit Ethern...r (PRO/1000 MT Desktop Adapter).
[[0;32m  OK  [0m] Started Set console font and keymap.
[[0;32m  OK  [0m] Created slice system-getty.slice.
[[0;32m  OK  [0m] Started Create Volatile Files and Directories.
         Starting Update UTMP about System Boot/Shutdown...
[[0;32m  OK  [0m] Started Update UTMP about System Boot/Shutdown.
[[0;32m  OK  [0m] Started LSB: AppArmor initialization.
[   25.117539] cloud-init[462]: Cloud-init v. 18.2 running 'init-local' at Mon, 30 Jul 2018 05:10:18 +0000. Up 24.00 seconds.
[[0;32m  OK  [0m] Started Initial cloud-init job (pre-networking).
[[0;32m  OK  [0m] Reached target Network (Pre).
[[0;32m  OK  [0m] Started ifup for enp0s3.
         Starting Raise network interfaces...
[[0;32m  OK  [0m] Started Raise network interfaces.
         Starting Initial cloud-init job (metadata service crawler)...
[[0;32m  OK  [0m] Reached target Network.
[   26.686190] cloud-init[973]: Cloud-init v. 18.2 running 'init' at Mon, 30 Jul 2018 05:10:20 +0000. Up 25.77 seconds.
[   26.776471] [cloud-init[0;32m  OK  [0m[973]: ] ci-info: +++++++++++++++++++++++++++++++++++++Net device info++++++++++++++++++++++++++++++++++++++Started Initial cloud-init job (metadata service crawler).

[   26.776847] cloud-init[973]: ci-info: +--------+------+----------------------------+---------------+-------+-------------------+
[   26.866492] [cloud-init[0;32m  OK  [0m[973]: ] ci-info: | Device |  Up  |          Address           |      Mask     | Scope |     Hw-Address    |Reached target System Initialization.

         Starting Socket activation for snappy daemon.
[   26.866907] cloud-init[973]: ci-info: +--------+------+----------------------------+---------------+-------+-------------------+
[   27.070048] cloud-init[973]: ci-info: | enp0s3 | True |         10.0.2.15          | 255.255.255.0 |   .   | 02:40:c1:fa:9b:f5 |
[   27.079436] cloud-init[973]: ci-info: | enp0s3 | True | fe80::40:c1ff:fefa:9bf5/64 |       .       |  link | 02:40:c1:fa:9b:f5 |
[   27.133625] cloud-init[973]: ci-info: |   lo   | True |         127.0.0.1          |   255.0.0.0   |   .   |         .         |
[   27.142735] cloud-init[973]: ci-info: |   lo   | True |          ::1/128           |       .       |  host |         .         |
[   27.144971] cloud-init[973]: ci-info: +--------+------+----------------------------+---------------+-------+-------------------+
[   27.204426] cloud-init[973]: ci-info: +++++++++++++++++++++++++++Route IPv4 info++++++++++++++++++++++++++++
[   27.260273]          cloud-initStarting LXD - unix socket.[973]: 
ci-info: +-------+-------------+----------+---------------+-----------+-------+
[[0;32m  OK  [0m] Listening on D-Bus System Message Bus Socket.
[   27.260719] cloud-init[973]: ci-info: | Route | Destination | Gateway  |    Genmask    | Interface | Flags |
[   27.312258] [cloud-init[0;32m  OK  [0m[973]: ] ci-info: +-------+-------------+----------+---------------+-----------+-------+Listening on UUID daemon activation socket.

[   27.312628] [[0;32m  OK  [0m] Started Daily Cleanup of Temporary Directories.
[[0;32m  OK  [0m] Listening on ACPID Listen Socket.
cloud-init[973]: ci-info: |   0   |   0.0.0.0   | 10.0.2.2 |    0.0.0.0    |   enp0s3  |   UG  |
[   27.491749] [cloud-init[0;32m  OK  [0m[973]: ] ci-info: |   1   |   10.0.2.0  | 0.0.0.0  | 255.255.255.0 |   enp0s3  |   U   |Started ACPI Events Check.

[   27.492526] [[0;32m  OK  [0m] Reached target Paths.
cloud-init[973]: ci-info: +-------+-------------+----------+---------------+-----------+-------+
[[0;32m  OK  [0m] Started Daily apt download activities.
[[0;32m  OK  [0m] Started Daily apt upgrade and clean activities.
[[0;32m  OK  [0m] Reached target Timers.
[[0;32m  OK  [0m] Reached target Cloud-config availability.
[[0;32m  OK  [0m] Reached target Network is Online.
         Starting iSCSI initiator daemon (iscsid)...
[[0;32m  OK  [0m] Listening on Socket activation for snappy daemon.
[[0;32m  OK  [0m] Listening on LXD - unix socket.
[[0;32m  OK  [0m] Reached target Sockets.
[[0;32m  OK  [0m] Reached target Basic System.
         Starting System Logging Service...
[[0;32m  OK  [0m] Started Regular background program processing daemon.
         Starting Accounts Service...
[[0;32m  OK  [0m] Started Deferred execution scheduler.
         Starting LSB: Record successful boot for GRUB...
         Starting LSB: MD monitoring daemon...
         Starting /etc/rc.local Compatibility...
         Starting Login Service...
[[0;32m  OK  [0m] Started FUSE filesystem for LXC.
         Starting Apply the settings specified in cloud-config...
[[0;32m  OK  [0m] Started ACPI event daemon.
[[0;32m  OK  [0m] Started D-Bus System Message Bus.
[   29.657398] cloud-init[1056]: Cloud-init v. 18.2 running 'modules:config' at Mon, 30 Jul 2018 05:10:22 +0000. Up 28.49 seconds.
         Starting LXD - container startup/shutdown...
         Starting OpenBSD Secure Shell server...
[[0;32m  OK  [0m] Started Unattended Upgrades Shutdown.
         Starting Virtualbox guest utils...
         Starting Snappy daemon...
[[0;32m  OK  [0m] Started System Logging Service.
[[0;32m  OK  [0m] Started iSCSI initiator daemon (iscsid).
[[0;32m  OK  [0m] Started /etc/rc.local Compatibility.
[[0;32m  OK  [0m] Started Apply the settings specified in cloud-config.
[[0;32m  OK  [0m] Started Login Service.
         Starting Authenticate and Authorize Users to Run Privileged Tasks...
         Starting Login to default iSCSI targets...
[[0;32m  OK  [0m] Started LSB: Record successful boot for GRUB.
[[0;32m  OK  [0m] Started LSB: MD monitoring daemon.
[[0;32m  OK  [0m] Started OpenBSD Secure Shell server.
[[0;32m  OK  [0m] Started Login to default iSCSI targets.
[[0;32m  OK  [0m] Reached target Remote File Systems (Pre).
[[0;32m  OK  [0m] Reached target Remote File Systems.
         Starting LSB: daemon to balance interrupts for SMP systems...
         Starting LSB: Set the CPU Frequency Scaling governor to "ondemand"...
         Starting Permit User Sessions...
         Starting LSB: automatic crash report generation...
[[0;32m  OK  [0m] Started LSB: Set the CPU Frequency Scaling governor to "ondemand".
[[0;32m  OK  [0m] Started Permit User Sessions.
         Starting Terminate Plymouth Boot Screen...
         Starting Hold until boot process finishes up...
[[0;32m  OK  [0m] Started LSB: daemon to balance interrupts for SMP systems.
[[0;32m  OK  [0m] Started Terminate Plymouth Boot Screen.
[[0;32m  OK  [0m] Started Hold until boot process finishes up.
[[0;32m  OK  [0m] Started Authenticate and Authorize Users to Run Privileged Tasks.
[[0;32m  OK  [0m] Started Accounts Service.
[[0;32m  OK  [0m] Started Serial Getty on ttyS0.
         Starting Set console scheme...
[[0;32m  OK  [0m] Started Getty on tty1.
[[0;32m  OK  [0m] Reached target Login Prompts.
[[0;32m  OK  [0m] Started Virtualbox guest utils.
[[0;32m  OK  [0m] Started LSB: automatic crash report generation.
[[0;32m  OK  [0m] Started Set console scheme.
[[0;32m  OK  [0m] Started LXD - container startup/shutdown.
[[0;32m  OK  [0m] Started Snappy daemon.
[[0;32m  OK  [0m] Created slice User Slice of vagrant.
         Starting Wait until snapd is fully seeded...
[[0;32m  OK  [0m] Started Wait until snapd is fully seeded.
[[0;32m  OK  [0m] Started Session 1 of user vagrant.
[[0;32m  OK  [0m] Reached target Multi-User System.
[[0;32m  OK  [0m] Reached target Graphical Interface.
         Starting Update UTMP about System Runlevel Changes...
         Starting Execute cloud user/final scripts...
         Starting User Manager for UID 1000...
[[0;32m  OK  [0m] Started Update UTMP about System Runlevel Changes.
[[0;32m  OK  [0m] Started User Manager for UID 1000.
[   33.670549] cloud-init[1213]: Cloud-init v. 18.2 running 'modules:final' at Mon, 30 Jul 2018 05:10:27 +0000. Up 33.46 seconds.
[   33.793669] [cloud-init[0;32m  OK  [0m[1213]: ] Cloud-init v. 18.2 finished at Mon, 30 Jul 2018 05:10:28 +0000. Datasource DataSourceNoCloud [seed=/dev/sdb][dsmode=net].  Up 33.66 secondsStarted Execute cloud user/final scripts.

         Starting Daily apt download activities...
[[0;32m  OK  [0m] Reached target Cloud-init target.

Ubuntu 16.04.4 LTS ubuntu-xenial ttyS0

ubuntu-xenial login: 